<?xml version="1.0" encoding="UTF-8"?>
<!-- Generated by org.testng.reporters.JUnitXMLReporter -->
<testsuite ignored="0" hostname="Hestabits-MacBook-Pro.local" failures="1" tests="1" name="forgetpasswordTest" time="4.159" errors="0" timestamp="2024-03-30T04:28:17 IST">
  <testcase classname="Testcases.TC_002_AdminForgetpassword" name="forgetpwd" time="1.064">
    <failure type="java.lang.IllegalArgumentException" message="Keys to send should be a not null CharSequence">
      <![CDATA[java.lang.IllegalArgumentException: Keys to send should be a not null CharSequence
at org.openqa.selenium.remote.RemoteWebElement.sendKeys(RemoteWebElement.java:96)
at org.openqa.selenium.support.pagefactory.internal.LocatingElementHandler.invoke(LocatingElementHandler.java:51)
at jdk.proxy2/jdk.proxy2.$Proxy29.sendKeys(Unknown Source)
at PageObject.Adminforgetpassword.emaiuserfield(Adminforgetpassword.java:31)
at Testcases.TC_002_AdminForgetpassword.forgetpwd(TC_002_AdminForgetpassword.java:16)
at java.base/java.util.ArrayList.forEach(ArrayList.java:1511)
... Removed 31 stack frames]]>
    </failure>
  </testcase> <!-- forgetpwd -->
</testsuite> <!-- forgetpasswordTest -->
