<?xml version="1.0" encoding="UTF-8"?>
<!-- Generated by org.testng.reporters.JUnitXMLReporter -->
<testsuite ignored="0" hostname="Hestabits-MacBook-Pro.local" failures="6" tests="7" name="Test" time="98.73" errors="0" timestamp="2024-03-30T04:51:44 IST">
  <testcase classname="Testcases.TC_004_Usermanagement_TTD" name="TC_004_Usermanagement_TTD" time="28.019"/>
  <testcase classname="Testcases.TC_004_Usermanagement_TTD" name="TC_004_Usermanagement_TTD" time="10.22">
    <failure type="java.lang.AssertionError" message="null">
      <![CDATA[java.lang.AssertionError: null
at Testcases.TC_004_Usermanagement_TTD.TC_004_Usermanagement_TTD(TC_004_Usermanagement_TTD.java:56)
at java.base/java.util.ArrayList.forEach(ArrayList.java:1511)
... Removed 29 stack frames]]>
    </failure>
  </testcase> <!-- TC_004_Usermanagement_TTD -->
  <testcase classname="Testcases.TC_004_Usermanagement_TTD" name="TC_004_Usermanagement_TTD" time="10.179">
    <failure type="java.lang.AssertionError" message="null">
      <![CDATA[java.lang.AssertionError: null
at Testcases.TC_004_Usermanagement_TTD.TC_004_Usermanagement_TTD(TC_004_Usermanagement_TTD.java:56)
at java.base/java.util.ArrayList.forEach(ArrayList.java:1511)
... Removed 29 stack frames]]>
    </failure>
  </testcase> <!-- TC_004_Usermanagement_TTD -->
  <testcase classname="Testcases.TC_004_Usermanagement_TTD" name="TC_004_Usermanagement_TTD" time="10.185">
    <failure type="java.lang.AssertionError" message="null">
      <![CDATA[java.lang.AssertionError: null
at Testcases.TC_004_Usermanagement_TTD.TC_004_Usermanagement_TTD(TC_004_Usermanagement_TTD.java:56)
at java.base/java.util.ArrayList.forEach(ArrayList.java:1511)
... Removed 29 stack frames]]>
    </failure>
  </testcase> <!-- TC_004_Usermanagement_TTD -->
  <testcase classname="Testcases.TC_004_Usermanagement_TTD" name="TC_004_Usermanagement_TTD" time="10.183">
    <failure type="java.lang.AssertionError" message="null">
      <![CDATA[java.lang.AssertionError: null
at Testcases.TC_004_Usermanagement_TTD.TC_004_Usermanagement_TTD(TC_004_Usermanagement_TTD.java:56)
at java.base/java.util.ArrayList.forEach(ArrayList.java:1511)
... Removed 29 stack frames]]>
    </failure>
  </testcase> <!-- TC_004_Usermanagement_TTD -->
  <testcase classname="Testcases.TC_004_Usermanagement_TTD" name="TC_004_Usermanagement_TTD" time="10.2">
    <failure type="java.lang.AssertionError" message="null">
      <![CDATA[java.lang.AssertionError: null
at Testcases.TC_004_Usermanagement_TTD.TC_004_Usermanagement_TTD(TC_004_Usermanagement_TTD.java:56)
at java.base/java.util.ArrayList.forEach(ArrayList.java:1511)
... Removed 29 stack frames]]>
    </failure>
  </testcase> <!-- TC_004_Usermanagement_TTD -->
  <testcase classname="Testcases.TC_004_Usermanagement_TTD" name="TC_004_Usermanagement_TTD" time="10.202">
    <failure type="java.lang.AssertionError" message="null">
      <![CDATA[java.lang.AssertionError: null
at Testcases.TC_004_Usermanagement_TTD.TC_004_Usermanagement_TTD(TC_004_Usermanagement_TTD.java:56)
at java.base/java.util.ArrayList.forEach(ArrayList.java:1511)
... Removed 29 stack frames]]>
    </failure>
  </testcase> <!-- TC_004_Usermanagement_TTD -->
</testsuite> <!-- Test -->
