<?xml version="1.0" encoding="UTF-8"?>
<!-- Generated by org.testng.reporters.JUnitXMLReporter -->
<testsuite ignored="0" hostname="Hestabits-MacBook-Pro.local" failures="1" tests="1" name="usercreateTest" time="29.083" errors="0" timestamp="2024-03-30T06:02:03 IST">
  <testcase classname="Testcases.TC_003_Usermanagement" name="user" time="20.359">
    <failure type="org.openqa.selenium.ElementClickInterceptedException" message="element click intercepted: Element &amp;lt;span class=&amp;quot;rounded-full border text-white text-xl font-medium font-roboto_mono border-dark w-[44px] h-[44px] flex items-center justify-center bg-[#DE9...16]&amp;quot;&amp;gt;A&amp;lt;/span&amp;gt; is not clickable at point (1275, 53). Other element would receive the click: &amp;lt;div&amp;gt;...&amp;lt;/div&amp;gt;
  (Session info: chrome=123.0.6312.87)
Build info: version: &amp;apos;4.17.0&amp;apos;, revision: &amp;apos;e52b1be057*&amp;apos;
System info: os.name: &amp;apos;Mac OS X&amp;apos;, os.arch: &amp;apos;x86_64&amp;apos;, os.version: &amp;apos;11.7.10&amp;apos;, java.version: &amp;apos;17.0.10&amp;apos;
Driver info: org.openqa.selenium.chrome.ChromeDriver
Command: [71b22f959658a4cc7d5fc544deb7d81a, clickElement {id=f.66428C43F3944A890BECF78842849428.d.4002A5B0D774A6D9D87D89D5D4C8D549.e.145}]
Capabilities {acceptInsecureCerts: false, browserName: chrome, browserVersion: 123.0.6312.87, chrome: {chromedriverVersion: 123.0.6312.86 (9b72c47a0536..., userDataDir: /var/folders/k6/j5yvbhgd4dg...}, fedcm:accounts: true, goog:chromeOptions: {debuggerAddress: localhost:63412}, networkConnectionEnabled: false, pageLoadStrategy: normal, platformName: mac, proxy: Proxy(), se:cdp: ws://localhost:63412/devtoo..., se:cdpVersion: 123.0.6312.87, setWindowRect: true, strictFileInteractability: false, timeouts: {implicit: 0, pageLoad: 300000, script: 30000}, unhandledPromptBehavior: dismiss and notify, webauthn:extension:credBlob: true, webauthn:extension:largeBlob: true, webauthn:extension:minPinLength: true, webauthn:extension:prf: true, webauthn:virtualAuthenticators: true}
Element: [[ChromeDriver: chrome on mac (71b22f959658a4cc7d5fc544deb7d81a)] -&amp;gt; xpath: //*[@id=&amp;quot;menu-button&amp;quot;]/span]
Session ID: 71b22f959658a4cc7d5fc544deb7d81a">
      <![CDATA[org.openqa.selenium.ElementClickInterceptedException: element click intercepted: Element <span class="rounded-full border text-white text-xl font-medium font-roboto_mono border-dark w-[44px] h-[44px] flex items-center justify-center bg-[#DE9...16]">A</span> is not clickable at point (1275, 53). Other element would receive the click: <div>...</div>
  (Session info: chrome=123.0.6312.87)
Build info: version: '4.17.0', revision: 'e52b1be057*'
System info: os.name: 'Mac OS X', os.arch: 'x86_64', os.version: '11.7.10', java.version: '17.0.10'
Driver info: org.openqa.selenium.chrome.ChromeDriver
Command: [71b22f959658a4cc7d5fc544deb7d81a, clickElement {id=f.66428C43F3944A890BECF78842849428.d.4002A5B0D774A6D9D87D89D5D4C8D549.e.145}]
Capabilities {acceptInsecureCerts: false, browserName: chrome, browserVersion: 123.0.6312.87, chrome: {chromedriverVersion: 123.0.6312.86 (9b72c47a0536..., userDataDir: /var/folders/k6/j5yvbhgd4dg...}, fedcm:accounts: true, goog:chromeOptions: {debuggerAddress: localhost:63412}, networkConnectionEnabled: false, pageLoadStrategy: normal, platformName: mac, proxy: Proxy(), se:cdp: ws://localhost:63412/devtoo..., se:cdpVersion: 123.0.6312.87, setWindowRect: true, strictFileInteractability: false, timeouts: {implicit: 0, pageLoad: 300000, script: 30000}, unhandledPromptBehavior: dismiss and notify, webauthn:extension:credBlob: true, webauthn:extension:largeBlob: true, webauthn:extension:minPinLength: true, webauthn:extension:prf: true, webauthn:virtualAuthenticators: true}
Element: [[ChromeDriver: chrome on mac (71b22f959658a4cc7d5fc544deb7d81a)] -> xpath: //*[@id="menu-button"]/span]
Session ID: 71b22f959658a4cc7d5fc544deb7d81a
at org.openqa.selenium.remote.codec.w3c.W3CHttpResponseCodec.createException(W3CHttpResponseCodec.java:185)
at org.openqa.selenium.remote.codec.w3c.W3CHttpResponseCodec.decode(W3CHttpResponseCodec.java:134)
at org.openqa.selenium.remote.codec.w3c.W3CHttpResponseCodec.decode(W3CHttpResponseCodec.java:51)
at org.openqa.selenium.remote.HttpCommandExecutor.execute(HttpCommandExecutor.java:190)
at org.openqa.selenium.remote.service.DriverCommandExecutor.invokeExecute(DriverCommandExecutor.java:216)
at org.openqa.selenium.remote.service.DriverCommandExecutor.execute(DriverCommandExecutor.java:174)
at org.openqa.selenium.remote.RemoteWebDriver.execute(RemoteWebDriver.java:519)
at org.openqa.selenium.remote.RemoteWebElement.execute(RemoteWebElement.java:223)
at org.openqa.selenium.remote.RemoteWebElement.click(RemoteWebElement.java:76)
at org.openqa.selenium.support.pagefactory.internal.LocatingElementHandler.invoke(LocatingElementHandler.java:51)
at jdk.proxy2/jdk.proxy2.$Proxy29.click(Unknown Source)
at PageObject.Adminlogin.drop(Adminlogin.java:45)
at Testcases.TC_003_Usermanagement.user(TC_003_Usermanagement.java:32)
at java.base/java.util.ArrayList.forEach(ArrayList.java:1511)
... Removed 36 stack frames]]>
    </failure>
  </testcase> <!-- user -->
</testsuite> <!-- usercreateTest -->
