<?xml version="1.0" encoding="UTF-8"?>
<testng-results ignored="0" total="2" passed="2" failed="0" skipped="0">
  <reporter-output>
  </reporter-output>
  <suite started-at="2024-04-01T16:56:34 IST" name="Suite" finished-at="2024-04-01T16:57:43 IST" duration-ms="69672">
    <groups>
      <group name="regression">
        <method signature="TC_003_Usermanagement.user()[pri:0, instance:Testcases.TC_003_Usermanagement@74d1dc36]" name="user" class="Testcases.TC_003_Usermanagement"/>
      </group> <!-- regression -->
      <group name="sanity">
        <method signature="TC_001_Adminsignin.signin()[pri:0, instance:Testcases.TC_001_Adminsignin@3e27ba32]" name="signin" class="Testcases.TC_001_Adminsignin"/>
      </group> <!-- sanity -->
      <group name="master">
        <method signature="TC_001_Adminsignin.signin()[pri:0, instance:Testcases.TC_001_Adminsignin@3e27ba32]" name="signin" class="Testcases.TC_001_Adminsignin"/>
        <method signature="TC_003_Usermanagement.user()[pri:0, instance:Testcases.TC_003_Usermanagement@74d1dc36]" name="user" class="Testcases.TC_003_Usermanagement"/>
      </group> <!-- master -->
    </groups>
    <test started-at="2024-04-01T16:56:34 IST" name="usercreateTest" finished-at="2024-04-01T16:57:43 IST" duration-ms="69672">
      <class name="Testcases.TC_001_Adminsignin">
        <test-method is-config="true" signature="setup(java.lang.String,java.lang.String)[pri:0, instance:Testcases.TC_001_Adminsignin@3e27ba32]" started-at="2024-04-01T16:56:34 IST" name="setup" finished-at="2024-04-01T16:56:42 IST" duration-ms="8205" status="PASS">
          <params>
            <param index="0">
              <value>
                <![CDATA[mac]]>
              </value>
            </param>
            <param index="1">
              <value>
                <![CDATA[chrome]]>
              </value>
            </param>
          </params>
          <reporter-output>
          </reporter-output>
        </test-method> <!-- setup -->
        <test-method signature="signin()[pri:0, instance:Testcases.TC_001_Adminsignin@3e27ba32]" started-at="2024-04-01T16:56:42 IST" name="signin" finished-at="2024-04-01T16:56:58 IST" duration-ms="15882" status="PASS">
          <reporter-output>
          </reporter-output>
        </test-method> <!-- signin -->
        <test-method is-config="true" signature="tearDown()[pri:0, instance:Testcases.TC_001_Adminsignin@3e27ba32]" started-at="2024-04-01T16:56:58 IST" name="tearDown" finished-at="2024-04-01T16:56:58 IST" duration-ms="129" status="PASS">
          <reporter-output>
          </reporter-output>
        </test-method> <!-- tearDown -->
      </class> <!-- Testcases.TC_001_Adminsignin -->
      <class name="Testcases.TC_003_Usermanagement">
        <test-method is-config="true" signature="setup(java.lang.String,java.lang.String)[pri:0, instance:Testcases.TC_003_Usermanagement@74d1dc36]" started-at="2024-04-01T16:56:58 IST" name="setup" finished-at="2024-04-01T16:57:01 IST" duration-ms="2349" status="PASS">
          <params>
            <param index="0">
              <value>
                <![CDATA[mac]]>
              </value>
            </param>
            <param index="1">
              <value>
                <![CDATA[chrome]]>
              </value>
            </param>
          </params>
          <reporter-output>
          </reporter-output>
        </test-method> <!-- setup -->
        <test-method signature="user()[pri:0, instance:Testcases.TC_003_Usermanagement@74d1dc36]" started-at="2024-04-01T16:57:01 IST" name="user" finished-at="2024-04-01T16:57:43 IST" duration-ms="42753" status="PASS">
          <reporter-output>
          </reporter-output>
        </test-method> <!-- user -->
        <test-method is-config="true" signature="tearDownTest()[pri:0, instance:Testcases.TC_003_Usermanagement@74d1dc36]" started-at="2024-04-01T16:57:43 IST" name="tearDownTest" finished-at="2024-04-01T16:57:43 IST" duration-ms="108" status="PASS">
          <reporter-output>
          </reporter-output>
        </test-method> <!-- tearDownTest -->
        <test-method is-config="true" signature="tearDown()[pri:0, instance:Testcases.TC_003_Usermanagement@74d1dc36]" started-at="2024-04-01T16:57:43 IST" name="tearDown" finished-at="2024-04-01T16:57:43 IST" duration-ms="0" status="PASS">
          <reporter-output>
          </reporter-output>
        </test-method> <!-- tearDown -->
      </class> <!-- Testcases.TC_003_Usermanagement -->
    </test> <!-- usercreateTest -->
  </suite> <!-- Suite -->
</testng-results>
